build/app/intermediates/manifest_merge_blame_file/debug/manifest-merger-blame-debug-report.txt
1<?xml version="1.0" encoding="utf-8"?>
2<manifest xmlns:android="http://schemas.android.com/apk/res/android"
3    package="com.example.health_and_doctor_appointment"
4    android:versionCode="1"
5    android:versionName="1.0.0" >
6
7    <uses-sdk
8        android:minSdkVersion="21"
9        android:targetSdkVersion="29" />
10    <!--
11         Flutter needs it to communicate with the running application
12         to allow setting breakpoints, to provide hot reload, etc.
13    -->
14    <uses-permission android:name="android.permission.INTERNET" />
14-->src/debug/AndroidManifest.xml:6:5-66
14-->src/debug/AndroidManifest.xml:6:22-64
15    <!--
16     io.flutter.app.FlutterApplication is an android.app.Application that
17         calls FlutterMain.startInitialization(this); in its onCreate method.
18         In most cases you can leave this as-is, but you if you want to provide
19         additional functionality it is fine to subclass or reimplement
20         FlutterApplication and put your custom class here.
21    -->
22    <uses-permission android:name="android.permission.ACCESS_NETWORK_STATE" />
22-->src/main/AndroidManifest.xml:8:5-79
22-->src/main/AndroidManifest.xml:8:22-76
23    <uses-permission android:name="android.permission.WAKE_LOCK" />
23-->[com.google.android.gms:play-services-measurement-api:18.0.0] AndroidManifest.xml:24:5-68
23-->[com.google.android.gms:play-services-measurement-api:18.0.0] AndroidManifest.xml:24:22-65
24    <uses-permission android:name="com.google.android.finsky.permission.BIND_GET_INSTALL_REFERRER_SERVICE" />
24-->[com.google.android.gms:play-services-measurement:18.0.0] AndroidManifest.xml:26:5-110
24-->[com.google.android.gms:play-services-measurement:18.0.0] AndroidManifest.xml:26:22-107
25
26    <application
26-->src/main/AndroidManifest.xml:9:5-47:19
27        android:name="io.flutter.app.FlutterApplication"
27-->src/main/AndroidManifest.xml:10:9-57
28        android:appComponentFactory="androidx.core.app.CoreComponentFactory"
28-->[androidx.core:core:1.1.0] AndroidManifest.xml:24:18-86
29        android:debuggable="true"
30        android:icon="@mipmap/ic_launcher"
30-->src/main/AndroidManifest.xml:12:9-43
31        android:label="Medic.ly" >
31-->src/main/AndroidManifest.xml:11:9-33
32        <activity
32-->src/main/AndroidManifest.xml:13:9-41:20
33            android:name="com.example.health_and_doctor_appointment.MainActivity"
33-->src/main/AndroidManifest.xml:14:13-41
34            android:configChanges="orientation|keyboardHidden|keyboard|screenSize|smallestScreenSize|locale|layoutDirection|fontScale|screenLayout|density|uiMode"
34-->src/main/AndroidManifest.xml:17:13-163
35            android:hardwareAccelerated="true"
35-->src/main/AndroidManifest.xml:18:13-47
36            android:launchMode="singleTop"
36-->src/main/AndroidManifest.xml:15:13-43
37            android:theme="@style/LaunchTheme"
37-->src/main/AndroidManifest.xml:16:13-47
38            android:windowSoftInputMode="adjustResize" >
38-->src/main/AndroidManifest.xml:19:13-55
39
40            <!--
41                 Specifies an Android theme to apply to this Activity as soon as
42                 the Android process has started. This theme is visible to the user
43                 while the Flutter UI initializes. After that, this theme continues
44                 to determine the Window background behind the Flutter UI.
45            -->
46            <meta-data
46-->src/main/AndroidManifest.xml:24:13-27:17
47                android:name="io.flutter.embedding.android.NormalTheme"
47-->src/main/AndroidManifest.xml:25:15-70
48                android:resource="@style/NormalTheme" />
48-->src/main/AndroidManifest.xml:26:15-52
49            <!--
50                 Displays an Android View that continues showing the launch screen
51                 Drawable until Flutter paints its first frame, then this splash
52                 screen fades out. A splash screen is useful to avoid any visual
53                 gap between the end of Android's launch screen and the painting of
54                 Flutter's first frame.
55            -->
56            <meta-data
56-->src/main/AndroidManifest.xml:33:13-36:17
57                android:name="io.flutter.embedding.android.SplashScreenDrawable"
57-->src/main/AndroidManifest.xml:34:15-79
58                android:resource="@drawable/launch_background" />
58-->src/main/AndroidManifest.xml:35:15-61
59
60            <intent-filter>
60-->src/main/AndroidManifest.xml:37:13-40:29
61                <action android:name="android.intent.action.MAIN" />
61-->src/main/AndroidManifest.xml:38:17-68
61-->src/main/AndroidManifest.xml:38:25-66
62
63                <category android:name="android.intent.category.LAUNCHER" />
63-->src/main/AndroidManifest.xml:39:17-76
63-->src/main/AndroidManifest.xml:39:27-74
64            </intent-filter>
65        </activity>
66        <!--
67             Don't delete the meta-data below.
68             This is used by the Flutter tool to generate GeneratedPluginRegistrant.java
69        -->
70        <meta-data
70-->src/main/AndroidManifest.xml:44:9-46:33
71            android:name="flutterEmbedding"
71-->src/main/AndroidManifest.xml:45:13-44
72            android:value="2" />
72-->src/main/AndroidManifest.xml:46:13-30
73
74        <service
74-->[:firebase_auth] AndroidManifest.xml:8:9-12:19
75            android:name="com.google.firebase.components.ComponentDiscoveryService"
75-->[:firebase_auth] AndroidManifest.xml:8:18-89
76            android:directBootAware="true"
76-->[com.google.firebase:firebase-common:19.5.0] AndroidManifest.xml:35:13-43
77            android:exported="false" >
77-->[com.google.firebase:firebase-auth:20.0.1] AndroidManifest.xml:76:13-37
78            <meta-data
78-->[:firebase_auth] AndroidManifest.xml:9:13-11:85
79                android:name="com.google.firebase.components:io.flutter.plugins.firebase.auth.FlutterFirebaseAuthRegistrar"
79-->[:firebase_auth] AndroidManifest.xml:10:17-124
80                android:value="com.google.firebase.components.ComponentRegistrar" />
80-->[:firebase_auth] AndroidManifest.xml:11:17-82
81            <meta-data
81-->[:cloud_firestore] AndroidManifest.xml:9:13-11:85
82                android:name="com.google.firebase.components:io.flutter.plugins.firebase.firestore.FlutterFirebaseFirestoreRegistrar"
82-->[:cloud_firestore] AndroidManifest.xml:10:17-134
83                android:value="com.google.firebase.components.ComponentRegistrar" />
83-->[:cloud_firestore] AndroidManifest.xml:11:17-82
84            <meta-data
84-->[:firebase_core] AndroidManifest.xml:9:13-11:85
85                android:name="com.google.firebase.components:io.flutter.plugins.firebase.core.FlutterFirebaseCoreRegistrar"
85-->[:firebase_core] AndroidManifest.xml:10:17-124
86                android:value="com.google.firebase.components.ComponentRegistrar" />
86-->[:firebase_core] AndroidManifest.xml:11:17-82
87            <meta-data
87-->[com.google.firebase:firebase-auth:20.0.1] AndroidManifest.xml:77:13-79:85
88                android:name="com.google.firebase.components:com.google.firebase.auth.FirebaseAuthRegistrar"
88-->[com.google.firebase:firebase-auth:20.0.1] AndroidManifest.xml:78:17-109
89                android:value="com.google.firebase.components.ComponentRegistrar" />
89-->[com.google.firebase:firebase-auth:20.0.1] AndroidManifest.xml:79:17-82
90            <meta-data
90-->[com.google.firebase:firebase-firestore:22.0.1] AndroidManifest.xml:20:13-22:85
91                android:name="com.google.firebase.components:com.google.firebase.firestore.FirestoreRegistrar"
91-->[com.google.firebase:firebase-firestore:22.0.1] AndroidManifest.xml:21:17-111
92                android:value="com.google.firebase.components.ComponentRegistrar" />
92-->[com.google.firebase:firebase-firestore:22.0.1] AndroidManifest.xml:22:17-82
93            <meta-data
93-->[com.google.android.gms:play-services-measurement-api:18.0.0] AndroidManifest.xml:30:13-32:85
94                android:name="com.google.firebase.components:com.google.firebase.analytics.connector.internal.AnalyticsConnectorRegistrar"
94-->[com.google.android.gms:play-services-measurement-api:18.0.0] AndroidManifest.xml:31:17-139
95                android:value="com.google.firebase.components.ComponentRegistrar" />
95-->[com.google.android.gms:play-services-measurement-api:18.0.0] AndroidManifest.xml:32:17-82
96            <meta-data
96-->[com.google.firebase:firebase-installations:16.3.5] AndroidManifest.xml:18:13-20:85
97                android:name="com.google.firebase.components:com.google.firebase.installations.FirebaseInstallationsRegistrar"
97-->[com.google.firebase:firebase-installations:16.3.5] AndroidManifest.xml:19:17-127
98                android:value="com.google.firebase.components.ComponentRegistrar" />
98-->[com.google.firebase:firebase-installations:16.3.5] AndroidManifest.xml:20:17-82
99            <!--
100                This registrar is not defined in the dynamic-module-support sdk itself to allow non-firebase
101                clients to use it as well, by defining this registrar in their own core/common library.
102            -->
103            <meta-data
103-->[com.google.firebase:firebase-common:19.5.0] AndroidManifest.xml:43:13-45:85
104                android:name="com.google.firebase.components:com.google.firebase.dynamicloading.DynamicLoadingRegistrar"
104-->[com.google.firebase:firebase-common:19.5.0] AndroidManifest.xml:44:17-121
105                android:value="com.google.firebase.components.ComponentRegistrar" />
105-->[com.google.firebase:firebase-common:19.5.0] AndroidManifest.xml:45:17-82
106        </service>
107
108        <activity
108-->[:url_launcher] AndroidManifest.xml:8:9-11:74
109            android:name="io.flutter.plugins.urllauncher.WebViewActivity"
109-->[:url_launcher] AndroidManifest.xml:9:13-74
110            android:exported="false"
110-->[:url_launcher] AndroidManifest.xml:10:13-37
111            android:theme="@android:style/Theme.NoTitleBar.Fullscreen" />
111-->[:url_launcher] AndroidManifest.xml:11:13-71
112        <activity
112-->[com.google.firebase:firebase-auth:20.0.1] AndroidManifest.xml:27:9-44:20
113            android:name="com.google.firebase.auth.internal.GenericIdpActivity"
113-->[com.google.firebase:firebase-auth:20.0.1] AndroidManifest.xml:28:13-80
114            android:excludeFromRecents="true"
114-->[com.google.firebase:firebase-auth:20.0.1] AndroidManifest.xml:29:13-46
115            android:exported="true"
115-->[com.google.firebase:firebase-auth:20.0.1] AndroidManifest.xml:30:13-36
116            android:launchMode="singleTask"
116-->[com.google.firebase:firebase-auth:20.0.1] AndroidManifest.xml:31:13-44
117            android:theme="@android:style/Theme.Translucent.NoTitleBar" >
117-->[com.google.firebase:firebase-auth:20.0.1] AndroidManifest.xml:32:13-72
118            <intent-filter>
118-->[com.google.firebase:firebase-auth:20.0.1] AndroidManifest.xml:33:13-43:29
119                <action android:name="android.intent.action.VIEW" />
119-->[com.google.firebase:firebase-auth:20.0.1] AndroidManifest.xml:34:17-69
119-->[com.google.firebase:firebase-auth:20.0.1] AndroidManifest.xml:34:25-66
120
121                <category android:name="android.intent.category.DEFAULT" />
121-->[com.google.firebase:firebase-auth:20.0.1] AndroidManifest.xml:36:17-76
121-->[com.google.firebase:firebase-auth:20.0.1] AndroidManifest.xml:36:27-73
122                <category android:name="android.intent.category.BROWSABLE" />
122-->[com.google.firebase:firebase-auth:20.0.1] AndroidManifest.xml:37:17-78
122-->[com.google.firebase:firebase-auth:20.0.1] AndroidManifest.xml:37:27-75
123
124                <data
124-->[com.google.firebase:firebase-auth:20.0.1] AndroidManifest.xml:39:17-42:51
125                    android:host="firebase.auth"
125-->[com.google.firebase:firebase-auth:20.0.1] AndroidManifest.xml:40:21-49
126                    android:path="/"
126-->[com.google.firebase:firebase-auth:20.0.1] AndroidManifest.xml:41:21-37
127                    android:scheme="genericidp" />
127-->[com.google.firebase:firebase-auth:20.0.1] AndroidManifest.xml:42:21-48
128            </intent-filter>
129        </activity>
130        <activity
130-->[com.google.firebase:firebase-auth:20.0.1] AndroidManifest.xml:45:9-62:20
131            android:name="com.google.firebase.auth.internal.RecaptchaActivity"
131-->[com.google.firebase:firebase-auth:20.0.1] AndroidManifest.xml:46:13-79
132            android:excludeFromRecents="true"
132-->[com.google.firebase:firebase-auth:20.0.1] AndroidManifest.xml:47:13-46
133            android:exported="true"
133-->[com.google.firebase:firebase-auth:20.0.1] AndroidManifest.xml:48:13-36
134            android:launchMode="singleTask"
134-->[com.google.firebase:firebase-auth:20.0.1] AndroidManifest.xml:49:13-44
135            android:theme="@android:style/Theme.Translucent.NoTitleBar" >
135-->[com.google.firebase:firebase-auth:20.0.1] AndroidManifest.xml:50:13-72
136            <intent-filter>
136-->[com.google.firebase:firebase-auth:20.0.1] AndroidManifest.xml:51:13-61:29
137                <action android:name="android.intent.action.VIEW" />
137-->[com.google.firebase:firebase-auth:20.0.1] AndroidManifest.xml:34:17-69
137-->[com.google.firebase:firebase-auth:20.0.1] AndroidManifest.xml:34:25-66
138
139                <category android:name="android.intent.category.DEFAULT" />
139-->[com.google.firebase:firebase-auth:20.0.1] AndroidManifest.xml:36:17-76
139-->[com.google.firebase:firebase-auth:20.0.1] AndroidManifest.xml:36:27-73
140                <category android:name="android.intent.category.BROWSABLE" />
140-->[com.google.firebase:firebase-auth:20.0.1] AndroidManifest.xml:37:17-78
140-->[com.google.firebase:firebase-auth:20.0.1] AndroidManifest.xml:37:27-75
141
142                <data
142-->[com.google.firebase:firebase-auth:20.0.1] AndroidManifest.xml:39:17-42:51
143                    android:host="firebase.auth"
143-->[com.google.firebase:firebase-auth:20.0.1] AndroidManifest.xml:40:21-49
144                    android:path="/"
144-->[com.google.firebase:firebase-auth:20.0.1] AndroidManifest.xml:41:21-37
145                    android:scheme="recaptcha" />
145-->[com.google.firebase:firebase-auth:20.0.1] AndroidManifest.xml:42:21-48
146            </intent-filter>
147        </activity>
148
149        <service
149-->[com.google.firebase:firebase-auth:20.0.1] AndroidManifest.xml:64:9-73:19
150            android:name="com.google.firebase.auth.api.fallback.service.FirebaseAuthFallbackService"
150-->[com.google.firebase:firebase-auth:20.0.1] AndroidManifest.xml:65:13-101
151            android:enabled="true"
151-->[com.google.firebase:firebase-auth:20.0.1] AndroidManifest.xml:66:13-35
152            android:exported="false" >
152-->[com.google.firebase:firebase-auth:20.0.1] AndroidManifest.xml:67:13-37
153            <intent-filter>
153-->[com.google.firebase:firebase-auth:20.0.1] AndroidManifest.xml:68:13-72:29
154                <action android:name="com.google.firebase.auth.api.gms.service.START" />
154-->[com.google.firebase:firebase-auth:20.0.1] AndroidManifest.xml:69:17-89
154-->[com.google.firebase:firebase-auth:20.0.1] AndroidManifest.xml:69:25-86
155
156                <category android:name="android.intent.category.DEFAULT" />
156-->[com.google.firebase:firebase-auth:20.0.1] AndroidManifest.xml:36:17-76
156-->[com.google.firebase:firebase-auth:20.0.1] AndroidManifest.xml:36:27-73
157            </intent-filter>
158        </service>
159
160        <activity
160-->[com.google.android.gms:play-services-base:17.1.0] AndroidManifest.xml:23:9-26:75
161            android:name="com.google.android.gms.common.api.GoogleApiActivity"
161-->[com.google.android.gms:play-services-base:17.1.0] AndroidManifest.xml:24:13-79
162            android:exported="false"
162-->[com.google.android.gms:play-services-base:17.1.0] AndroidManifest.xml:25:13-37
163            android:theme="@android:style/Theme.Translucent.NoTitleBar" />
163-->[com.google.android.gms:play-services-base:17.1.0] AndroidManifest.xml:26:13-72
164
165        <provider
165-->[com.google.firebase:firebase-common:19.5.0] AndroidManifest.xml:26:9-31:39
166            android:name="com.google.firebase.provider.FirebaseInitProvider"
166-->[com.google.firebase:firebase-common:19.5.0] AndroidManifest.xml:27:13-77
167            android:authorities="com.example.health_and_doctor_appointment.firebaseinitprovider"
167-->[com.google.firebase:firebase-common:19.5.0] AndroidManifest.xml:28:13-72
168            android:directBootAware="true"
168-->[com.google.firebase:firebase-common:19.5.0] AndroidManifest.xml:29:13-43
169            android:exported="false"
169-->[com.google.firebase:firebase-common:19.5.0] AndroidManifest.xml:30:13-37
170            android:initOrder="100" />
170-->[com.google.firebase:firebase-common:19.5.0] AndroidManifest.xml:31:13-36
171
172        <receiver
172-->[com.google.android.gms:play-services-measurement:18.0.0] AndroidManifest.xml:29:9-33:20
173            android:name="com.google.android.gms.measurement.AppMeasurementReceiver"
173-->[com.google.android.gms:play-services-measurement:18.0.0] AndroidManifest.xml:30:13-85
174            android:enabled="true"
174-->[com.google.android.gms:play-services-measurement:18.0.0] AndroidManifest.xml:31:13-35
175            android:exported="false" >
175-->[com.google.android.gms:play-services-measurement:18.0.0] AndroidManifest.xml:32:13-37
176        </receiver>
177
178        <service
178-->[com.google.android.gms:play-services-measurement:18.0.0] AndroidManifest.xml:35:9-38:40
179            android:name="com.google.android.gms.measurement.AppMeasurementService"
179-->[com.google.android.gms:play-services-measurement:18.0.0] AndroidManifest.xml:36:13-84
180            android:enabled="true"
180-->[com.google.android.gms:play-services-measurement:18.0.0] AndroidManifest.xml:37:13-35
181            android:exported="false" />
181-->[com.google.android.gms:play-services-measurement:18.0.0] AndroidManifest.xml:38:13-37
182        <service
182-->[com.google.android.gms:play-services-measurement:18.0.0] AndroidManifest.xml:39:9-43:72
183            android:name="com.google.android.gms.measurement.AppMeasurementJobService"
183-->[com.google.android.gms:play-services-measurement:18.0.0] AndroidManifest.xml:40:13-87
184            android:enabled="true"
184-->[com.google.android.gms:play-services-measurement:18.0.0] AndroidManifest.xml:41:13-35
185            android:exported="false"
185-->[com.google.android.gms:play-services-measurement:18.0.0] AndroidManifest.xml:42:13-37
186            android:permission="android.permission.BIND_JOB_SERVICE" />
186-->[com.google.android.gms:play-services-measurement:18.0.0] AndroidManifest.xml:43:13-69
187
188        <meta-data
188-->[com.google.android.gms:play-services-basement:17.1.0] AndroidManifest.xml:23:9-25:69
189            android:name="com.google.android.gms.version"
189-->[com.google.android.gms:play-services-basement:17.1.0] AndroidManifest.xml:24:13-58
190            android:value="@integer/google_play_services_version" />
190-->[com.google.android.gms:play-services-basement:17.1.0] AndroidManifest.xml:25:13-66
191    </application>
192
193</manifest>